============================================================
  CGCNN: Crystal Graph Convolutional Neural Network
  Device: cuda
============================================================
[LOAD] matbench_perovskites...
  样本: 18928
[GRAPH] 构建晶体图...
  图数据: 4000 (耗时 6.3s)
  训练: 3000, 测试: 1000

[TRAIN] CGCNN (100 epochs)...
    Epoch 20/100: loss=105955297.9043
    Epoch 40/100: loss=47565883.3983
    Epoch 60/100: loss=12166233.2357
    Epoch 80/100: loss=5052760.8317
    Epoch 100/100: loss=1806841.3489
  训练耗时: 262.9s

=== CGCNN 结果 ===
  R²:   -298500.8125
  MAE:  66.5573 eV/atom
  RMSE: 406.5452 eV/atom

[SAVE] C:\Users\LENOVO\Desktop\科研论文\results\metrics\cgcnn_results.csv
