============================================================
  稳定性分类评估 (Matbench Discovery 标准指标)
============================================================
[CLASSIFY] 稳定阈值 E_hull<0.05
           全空间稳定率: 9.40% (462/4914)

  === 分类指标 (稳定性预测) ===
  Precision:  0.717  (预测稳定中真稳定比例)
  Recall:     0.429  (真稳定中被找出比例)
  F1 Score:   0.537
  FPR:        0.018  (假阳性率)
  AUC-ROC:    0.933  (分类判别力, 0.5=随机, 1=完美)
  混淆矩阵: TP=198 FP=78 FN=264 TN=4374

  === Discovery Acceleration Factor ===
  DAF(top 10%): 6.37x  (比随机快6.4倍)
  DAF(top 5%):  7.81x
  DAF(top 1%):  7.60x
  (M3GNet标杆 DAF=2.70)

[SAVE] C:\Users\LENOVO\Desktop\科研论文\results\metrics\classification_metrics.csv
[SAVE] C:\Users\LENOVO\Desktop\科研论文\results\metrics\classification_oof.csv (供 PR/ROC 曲线)

============================================================
  解读 (审稿人视角)
============================================================
  F1=0.54 > 0.5: 稳定性分类有效 ✓
  AUC=0.93 > 0.8: 判别力强 ✓
  DAF=6.4 > 2.0: 发现加速显著 ✓
