============================================================
  外推性测试 (Leave-One-Element-Out)
============================================================

### formation_energy_per_atom ###
[LOEO] 目标: formation_energy_per_atom
       测试 74 种元素 (出现>=20次)
       [10/74] 完成
       [20/74] 完成
       [30/74] 完成
       [40/74] 完成
       [50/74] 完成
       [60/74] 完成
       [70/74] 完成
  [SAVE] C:\Users\LENOVO\Desktop\科研论文\results\metrics\loeo_formation_energy_per_atom.csv  (73 种元素)

  === formation_energy_per_atom 外推性能汇总 ===
  元素数: 73
  R² 中位数: 0.789
  R² 范围: [0.224, 0.960]
  外推最好 Top5 元素:
element  n_test       R2      MAE
     Ho     136 0.960360 0.091215
     Pr     135 0.951589 0.117127
     Ni      88 0.943127 0.155177
     Dy     137 0.939951 0.113234
     Tm     140 0.936402 0.130937
  外推最差 Top5 元素:
element  n_test       R2      MAE
     Hg     142 0.356622 0.578808
     Ac     137 0.330375 0.413435
     Os     137 0.274651 0.459198
     Al     142 0.246141 0.728102
     Pb     114 0.223902 0.464755

### energy_above_hull ###
[LOEO] 目标: energy_above_hull
       测试 74 种元素 (出现>=20次)
       [10/74] 完成
       [20/74] 完成
       [30/74] 完成
       [40/74] 完成
       [50/74] 完成
       [60/74] 完成
       [70/74] 完成
  [SAVE] C:\Users\LENOVO\Desktop\科研论文\results\metrics\loeo_energy_above_hull.csv  (73 种元素)

  === energy_above_hull 外推性能汇总 ===
  元素数: 73
  R² 中位数: 0.630
  R² 范围: [-0.202, 0.934]
  外推最好 Top5 元素:
element  n_test       R2      MAE
     Ho     136 0.933566 0.080772
     Pr     135 0.923423 0.110681
     Ir     140 0.897085 0.146698
     Dy     137 0.893335 0.097921
     Tm     140 0.891249 0.123045
  外推最差 Top5 元素:
element  n_test        R2      MAE
     Th     138  0.270533 0.317860
     Eu     141  0.269946 0.287927
     Rb     136  0.099148 0.453298
      B     143 -0.121541 0.714388
     Ac     137 -0.201757 0.424147

============================================================
  插值(随机CV) vs 外推(LOEO) 对比
============================================================
  formation_energy_per_atom:
    随机CV R²(插值) = 0.910
    LOEO R²中位数(外推) = 0.789
    插值-外推差距 = 0.122 (差距越大, 外推越难)
  energy_above_hull:
    随机CV R²(插值) = 0.798
    LOEO R²中位数(外推) = 0.630
    插值-外推差距 = 0.168 (差距越大, 外推越难)
