============================================================
  多 seed 统计严谨性评估 (N_SEEDS=5)
============================================================

### 基准模型: formation_energy_per_atom ###
    seed=42: R²=0.9101
    seed=123: R²=0.9029
    seed=456: R²=0.9042
    seed=789: R²=0.9048
    seed=2024: R²=0.9111

  === Baseline formation_energy_per_atom (mean±std, N=5) ===
    R2             : 0.9066 ± 0.0037  [0.9029, 0.9111]
    RMSE           : 0.3011 ± 0.0060  [0.2938, 0.3070]
    MAE            : 0.1970 ± 0.0029  [0.1931, 0.1997]

### 基准模型: energy_above_hull ###
    seed=42: R²=0.7998
    seed=123: R²=0.7875
    seed=456: R²=0.7940
    seed=789: R²=0.7970
    seed=2024: R²=0.7978

  === Baseline energy_above_hull (mean±std, N=5) ===
    R2             : 0.7952 ± 0.0048  [0.7875, 0.7998]
    RMSE           : 0.2770 ± 0.0032  [0.2739, 0.2822]
    MAE            : 0.1775 ± 0.0012  [0.1766, 0.1795]

[SAVE] multiseed_baseline.csv

### 分类指标: energy_above_hull ###
    seed=42: F1=0.529 DAF=6.37
    seed=123: F1=0.534 DAF=6.43
    seed=456: F1=0.531 DAF=6.43
    seed=789: F1=0.542 DAF=6.56
    seed=2024: F1=0.527 DAF=6.54

  === Classification (mean±std, N=5) ===
    Precision      : 0.7303 ± 0.0133  [0.7122, 0.7432]
    Recall         : 0.4190 ± 0.0073  [0.4113, 0.4286]
    F1             : 0.5324 ± 0.0059  [0.5266, 0.5417]
    AUC_ROC        : 0.9342 ± 0.0015  [0.9325, 0.9366]
    DAF_top10%     : 6.4685 ± 0.0819  [6.3688, 6.5638]
    DAF_top5%      : 7.8579 ± 0.0686  [7.7711, 7.9447]

[SAVE] multiseed_classification.csv
