============================================================
  迁移学习 (Ef知识 → Ehull预测)
============================================================
[TRANSFER] 源任务: formation_energy_per_atom (易)
           目标任务: energy_above_hull (难)
           学习曲线: [200, 500, 1000, 2000, 4914]

  >> 训练集大小 = 200
    Baseline R²=0.4439 | Transfer R²=0.4050 | 增益=-0.0389 (-8.8%)

  >> 训练集大小 = 500
    Baseline R²=0.5890 | Transfer R²=0.5766 | 增益=-0.0124 (-2.1%)

  >> 训练集大小 = 1000
    Baseline R²=0.6555 | Transfer R²=0.6491 | 增益=-0.0064 (-1.0%)

  >> 训练集大小 = 2000
    Baseline R²=0.7368 | Transfer R²=0.7317 | 增益=-0.0051 (-0.7%)

  >> 训练集大小 = 4914
    Baseline R²=0.7981 | Transfer R²=0.7878 | 增益=-0.0103 (-1.3%)

[SAVE] 迁移学习结果: C:\Users\LENOVO\Desktop\科研论文\results\metrics\multitask_comparison.csv

============================================================
  迁移增益汇总
============================================================
 train_size  baseline_R2  transfer_R2      gain  gain_pct
        200     0.443929     0.405027 -0.038901 -8.763000
        500     0.588951     0.576553 -0.012398 -2.105133
       1000     0.655500     0.649092 -0.006407 -0.977473
       2000     0.736807     0.731687 -0.005120 -0.694892
       4914     0.798117     0.787845 -0.010272 -1.287052

  最大增益: train_size=2000.0, gain=-0.0051 (-0.7%)
