============================================================
  PACT: Physics-Anchored Calibrated Trust
  (统一框架: 预测+不确定性+适用域+分类 同源)
============================================================

========================================
[PACT] 目标: formation_energy_per_atom, 样本 4914
       物理层 15维, ML层 113维, 集成 5个LightGBM
  贝叶斯融合: R²=0.9113 MAE=0.1918
  纯加法(PCRL): R²=0.9113 MAE=0.1918
  物理基线R²=0.789, 总R²=0.911
  → 物理贡献: 86.6% (baseline R² / total R²)
  PICP(80%): 0.238, MPIW: 0.1199
  σ-|误差|相关性: 0.378
  可信区R²=0.9535 vs 不可信区R²=0.8718
Traceback (most recent call last):
  File "C:\Users\LENOVO\Desktop\科研论文\src\pact.py", line 259, in <module>
    main()
  File "C:\Users\LENOVO\Desktop\科研论文\src\pact.py", line 233, in main
    res = run_pact(df, target)
          ^^^^^^^^^^^^^^^^^^^^
  File "C:\Users\LENOVO\Desktop\科研论文\src\pact.py", line 216, in run_pact
    "phys_share": 1 - ml_need,
                      ^^^^^^^
NameError: name 'ml_need' is not defined. Did you mean: 'ml_preds'?
