============================================================
  PACT: Physics-Anchored Calibrated Trust
  (统一框架: 预测+不确定性+适用域+分类 同源)
============================================================

========================================
[PACT] 目标: formation_energy_per_atom, 样本 4914
       物理层 15维, ML层 113维, 集成 5个LightGBM
  贝叶斯融合: R²=0.9113 MAE=0.1918
  纯加法(PCRL): R²=0.9113 MAE=0.1918
  物理基线R²=0.789, 总R²=0.911
  → 物理贡献: 86.6% (baseline R² / total R²)
  PICP(80%): 0.238, MPIW: 0.1199
  σ-|误差|相关性: 0.378
  可信区R²=0.9535 vs 不可信区R²=0.8718

========================================
[PACT] 目标: energy_above_hull, 样本 4914
       物理层 15维, ML层 113维, 集成 5个LightGBM
  贝叶斯融合: R²=0.7943 MAE=0.1780
  纯加法(PCRL): R²=0.7943 MAE=0.1780
  物理基线R²=0.584, 总R²=0.794
  → 物理贡献: 73.5% (baseline R² / total R²)
  PICP(80%): 0.241, MPIW: 0.1089
  σ-|误差|相关性: 0.374
  可信区R²=0.8734 vs 不可信区R²=0.7359
  分类: F1=0.554 AUC=0.926 DAF=6.13

[SAVE] C:\Users\LENOVO\Desktop\科研论文\results\metrics\pact_results.csv

============================================================
  PACT 统一框架汇总
============================================================

  formation_energy_per_atom:
    融合R²=0.9113 (vs PCRL 0.9113)
    PICP=0.238 σ-误差相关=0.378
    物理贡献=86.6%

  energy_above_hull:
    融合R²=0.7943 (vs PCRL 0.7943)
    PICP=0.241 σ-误差相关=0.374
    物理贡献=73.5%
    F1=0.554 AUC=0.926 DAF=6.13
