============================================================
  PACT: Physics-Anchored Calibrated Trust
  (统一框架: 预测+不确定性+适用域+分类 同源)
============================================================

========================================
[PACT] 目标: formation_energy_per_atom, 样本 4914
       物理层 15维, ML层 113维, 集成 5个LightGBM
  贝叶斯融合: R²=0.8740 MAE=0.2474
  纯加法(PCRL): R²=0.9113 MAE=0.1918
  物理不确定性 σ_p=0.1749, ML不确定性 σ_r=0.0029
  → ML需要补充的比例: 1.6% (物理解释了 98.4% 的不确定性)
  PICP(80%): 0.801, MPIW: 0.7610
  σ-|误差|相关性: -0.017
  可信区R²=0.8668 vs 不可信区R²=0.8787

========================================
[PACT] 目标: energy_above_hull, 样本 4914
       物理层 15维, ML层 113维, 集成 5个LightGBM
  贝叶斯融合: R²=0.7331 MAE=0.2230
  纯加法(PCRL): R²=0.7943 MAE=0.1780
  物理不确定性 σ_p=0.1362, ML不确定性 σ_r=0.0024
  → ML需要补充的比例: 1.7% (物理解释了 98.3% 的不确定性)
  PICP(80%): 0.790, MPIW: 0.6717
  σ-|误差|相关性: -0.022
  可信区R²=0.7173 vs 不可信区R²=0.7438
  分类: F1=0.470 AUC=0.915 DAF=5.85

[SAVE] C:\Users\LENOVO\Desktop\科研论文\results\metrics\pact_results.csv

============================================================
  PACT 统一框架汇总
============================================================

  formation_energy_per_atom:
    融合R²=0.8740 (vs PCRL 0.9113)
    PICP=0.801 σ-误差相关=-0.017
    物理贡献=98.4%

  energy_above_hull:
    融合R²=0.7331 (vs PCRL 0.7943)
    PICP=0.790 σ-误差相关=-0.022
    物理贡献=98.3%
    F1=0.470 AUC=0.915 DAF=5.85
