============================================================
  PCRL v2: SHAP 验证的物理一致性
============================================================

### formation_energy_per_atom ###

  [标准PGML(无约束)]
    残差模型物理特征SHAP占比: 22.7%
    残差模型 R²: 0.9382
    Top3 物理特征贡献:
      phys_a_site_radius: 0.0930
      phys_b_site_en: 0.0309
      phys_radius_ratio_AB: 0.0225

  [PCRL(penalty=0.1)]
    残差模型物理特征SHAP占比: 20.1%
    残差模型 R²: 0.9353
    Top3 物理特征贡献:
      phys_a_site_radius: 0.0780
      phys_b_site_en: 0.0246
      phys_a_site_en: 0.0203

### energy_above_hull ###

  [标准PGML(无约束)]
    残差模型物理特征SHAP占比: 27.0%
    残差模型 R²: 0.9162
    Top3 物理特征贡献:
      phys_a_site_radius: 0.1072
      phys_a_site_en: 0.0257
      phys_tolerance_factor: 0.0211

  [PCRL(penalty=0.1)]
    残差模型物理特征SHAP占比: 26.1%
    残差模型 R²: 0.9135
    Top3 物理特征贡献:
      phys_a_site_radius: 0.1075
      phys_a_site_en: 0.0243
      phys_tolerance_factor: 0.0184

[SAVE] C:\Users\LENOVO\Desktop\科研论文\results\metrics\pcrl_shap_consistency.csv

============================================================
  物理一致性对比 (核心证据)
============================================================
method                     PCRL(penalty=0.1)  标准PGML(无约束)
target                                                   
energy_above_hull                   0.260581     0.269822
formation_energy_per_atom           0.200522     0.226932

  解读: PCRL 的物理特征SHAP占比应显著低于标准PGML
        → 证明物理约束迫使ML专注非物理特征 ✓
