============================================================
  SHAP 特征归因分析
============================================================

### formation_energy_per_atom ###
  Top10 特征:
                feature  shap_importance category
         phys_a_site_en         0.243078 physical
magpie_mendeleev_no_min         0.178013   magpie
      phys_b_site_group         0.150493 physical
phys_electroneg_diff_AB         0.111603 physical
  phys_tolerance_factor         0.057743 physical
         phys_b_site_en         0.052294 physical
 phys_octahedral_factor         0.048254 physical
           magpie_Z_max         0.046910   magpie
           magpie_X_std         0.041685   magpie
     magpie_density_max         0.038585   magpie

  类别贡献占比:
    magpie: 54.2%
    physical: 45.8%

  物理特征在Top20中的排名:
                feature  shap_importance
         phys_a_site_en         0.243078
      phys_b_site_group         0.150493
phys_electroneg_diff_AB         0.111603
  phys_tolerance_factor         0.057743
         phys_b_site_en         0.052294
 phys_octahedral_factor         0.048254
   phys_stability_score         0.037431
     phys_a_site_radius         0.033403
    phys_b_site_valence         0.032249
   phys_radius_ratio_AB         0.027979

### energy_above_hull ###
  Top10 特征:
                    feature  shap_importance category
         phys_a_site_radius         0.129461 physical
      phys_tolerance_factor         0.096308 physical
magpie_rigidity_modulus_min         0.093363   magpie
  magpie_melting_point_mean         0.050970   magpie
       phys_stability_score         0.039794 physical
          phys_b_site_group         0.038739 physical
             phys_a_site_en         0.034896 physical
     phys_octahedral_factor         0.031797 physical
    magpie_mendeleev_no_std         0.031224   magpie
           magpie_group_std         0.024498   magpie

  类别贡献占比:
    magpie: 58.4%
    physical: 41.6%

  物理特征在Top20中的排名:
                feature  shap_importance
     phys_a_site_radius         0.129461
  phys_tolerance_factor         0.096308
   phys_stability_score         0.039794
      phys_b_site_group         0.038739
         phys_a_site_en         0.034896
 phys_octahedral_factor         0.031797
         phys_b_site_en         0.020339
phys_electroneg_diff_AB         0.018260
    phys_b_site_valence         0.015964
   phys_radius_ratio_AB         0.012456

[SAVE] C:\Users\LENOVO\Desktop\科研论文\results\metrics\shap_importance.csv

============================================================
  SHAP 分析完成 - 论文核心图数据已生成
============================================================
