============================================================
  不确定性量化 (分位数回归 vs 集成方差)
============================================================

### formation_energy_per_atom ###
[UQ] 目标: formation_energy_per_atom, 样本 4914, 特征 109维
  >> 集成方差 (5个RF × 5折 = 25次训练)...
  >> 点预测: RMSE=0.3259 MAE=0.2220 R²=0.8906
  >> 区间校准: PICP=0.896 (名义0.80) MPIW=0.9280
  >> 不确定性-误差相关性: 0.608 (越高越有意义)
  [SAVE] 逐样本不确定性: C:\Users\LENOVO\Desktop\科研论文\results\metrics\uncertainty_formation_energy_per_atom.csv

### energy_above_hull ###
[UQ] 目标: energy_above_hull, 样本 4914, 特征 109维
  >> 集成方差 (5个RF × 5折 = 25次训练)...
  >> 点预测: RMSE=0.3001 MAE=0.1961 R²=0.7597
  >> 区间校准: PICP=0.887 (名义0.80) MPIW=0.7297
  >> 不确定性-误差相关性: 0.682 (越高越有意义)
  [SAVE] 逐样本不确定性: C:\Users\LENOVO\Desktop\科研论文\results\metrics\uncertainty_energy_above_hull.csv

[SAVE] 不确定性对比: C:\Users\LENOVO\Desktop\科研论文\results\metrics\uncertainty_comparison.csv

============================================================
  不确定性量化汇总
============================================================
     method     RMSE      MAE       R2     PICP     MPIW      CWC  nominal_coverage                    target  uncert_err_corr
ensemble_rf 0.325928 0.221989 0.890634 0.896011 0.928044 0.928044               0.8 formation_energy_per_atom         0.608201
ensemble_rf 0.300086 0.196088 0.759747 0.886854 0.729713 0.729713               0.8         energy_above_hull         0.681798
